<?xml version="1.0" encoding="UTF-8"?>
<!-- Generated by org.testng.reporters.JUnitXMLReporter -->
<testsuite ignored="7" hostname="BGM" failures="1" tests="5" name="Test" time="8.195" errors="0" timestamp="2022-01-25T22:55:43 IST">
  <testcase classname="testcase.ListenersTest" name="test1" time="1.793">
    <skipped/>
  </testcase> <!-- test1 -->
  <testcase classname="testcase.ListenersTest" name="test1" time="1.116">
    <skipped/>
  </testcase> <!-- test1 -->
  <testcase classname="testcase.ListenersTest" name="test1" time="1.644">
    <skipped/>
  </testcase> <!-- test1 -->
  <testcase classname="testcase.ListenersTest" name="test1" time="1.608">
    <skipped/>
  </testcase> <!-- test1 -->
  <testcase classname="testcase.ListenersTest" name="test1" time="1.588">
    <failure type="java.lang.AssertionError" message="expected [page title] but found [ChromeDriver - WebDriver for Chrome - Downloads]">
      <![CDATA[java.lang.AssertionError: expected [page title] but found [ChromeDriver - WebDriver for Chrome - Downloads]
at testcase.ListenersTest.test1(ListenersTest.java:15)
at java.base/java.util.ArrayList.forEach(ArrayList.java:1511)
... Removed 33 stack frames]]>
    </failure>
  </testcase> <!-- test1 -->
  <testcase classname="testcase.ListenersTest" name="test6" time="0.0">
    <ignored/>
  </testcase> <!-- test6 -->
  <testcase classname="testcase.ListenersTest" name="test3" time="0.0">
    <ignored/>
  </testcase> <!-- test3 -->
  <testcase classname="testcase.ListenersTest" name="test8" time="0.0">
    <ignored/>
  </testcase> <!-- test8 -->
  <testcase classname="testcase.ListenersTest" name="test5" time="0.0">
    <ignored/>
  </testcase> <!-- test5 -->
  <testcase classname="testcase.ListenersTest" name="test2" time="0.0">
    <ignored/>
  </testcase> <!-- test2 -->
  <testcase classname="testcase.ListenersTest" name="test4" time="0.0">
    <ignored/>
  </testcase> <!-- test4 -->
  <testcase classname="testcase.ListenersTest" name="test7" time="0.0">
    <ignored/>
  </testcase> <!-- test7 -->
</testsuite> <!-- Test -->
